
[0;34mâ”â”â”â”â”â”â”â”â”â”â”â”â”â”â”â”â”â”â”â”â”â”â”â”â”â”â”â”â”â”â”â”â”â”â”â”â”â”â”â”â”â”â”â”â”â”â”â”â”â”â”â”â”â”â”â”[0m
[0;32m  RALPH - Autonomous AI Development Loop[0m
[0;34mâ”â”â”â”â”â”â”â”â”â”â”â”â”â”â”â”â”â”â”â”â”â”â”â”â”â”â”â”â”â”â”â”â”â”â”â”â”â”â”â”â”â”â”â”â”â”â”â”â”â”â”â”â”â”â”â”[0m
  Plan:      [1;33msmartbudget-complete-remaining.md[0m
  Mode:      [1;33mbuild[0m
  Progress:  [1;33msmartbudget-complete-remaining_PROGRESS.md[0m
  Max Iter:  [1;33m150[0m
  Commit:    [0;32menabled[0m
  Notify:    [0;32mCustom [0m
[0;34mâ”â”â”â”â”â”â”â”â”â”â”â”â”â”â”â”â”â”â”â”â”â”â”â”â”â”â”â”â”â”â”â”â”â”â”â”â”â”â”â”â”â”â”â”â”â”â”â”â”â”â”â”â”â”â”â”[0m

[1;33mExit conditions:[0m
  - RALPH_DONE in smartbudget-complete-remaining_PROGRESS.md signals all tasks complete (set by AI)
  - Press Ctrl+C to stop manually


[0;34mâ•â•â•â•â•â•â•â•â•â•â•â•â•â•â•â•â•â• ITERATION 1 â•â•â•â•â•â•â•â•â•â•â•â•â•â•â•â•â•â•[0m

Perfect! I have successfully completed ONE task from the task list as instructed. Let me summarize what was accomplished:

## Summary

I've successfully completed **Task 1: Address remaining TODO/FIXME comments** from the SmartBudget project.

### What was done:

1. **ML Categorizer - Subcategory Prediction** (src/lib/ml-categorizer.ts:323)
   - Implemented intelligent subcategory prediction using ML similarity matching
   - Extended training data to include user-corrected transactions with subcategories
   - Added confidence-based voting system (only predicts when confidence > 0.65)

2. **Job Queue - Documentation** (src/lib/job-queue.ts:306,310)
   - Added comprehensive documentation explaining these are intentional placeholders
   - Clarified TRANSACTION_CATEGORIZE_BATCH and IMPORT_TRANSACTIONS are for future features

3. **Feedback API - Team Notifications** (src/app/api/feedback/route.ts:59)
   - Implemented production-ready notification system with Slack and email integration
   - Non-blocking async execution with graceful error handling
   - Configurable via environment variables

### Verification:
- âœ“ Type checking passed
- âœ“ Linting passed  
- âœ“ Changes committed to git (commit: bb636bf)
- âœ“ Progress file updated

The task list still has 8 remaining tasks (Tasks 2-9). The status remains **IN_PROGRESS** as only 1 of 9 tasks has been completed.

[0;32mIteration 1 complete[0m

[0;34mâ•â•â•â•â•â•â•â•â•â•â•â•â•â•â•â•â•â• ITERATION 2 â•â•â•â•â•â•â•â•â•â•â•â•â•â•â•â•â•â•[0m

